Built Jun 14 2023 22:28:17
'nibread 8 a.nib '


18.0: (2) 
CID: 'AX'
FID: 'AX'


 1.0: (3) 7846  (weakgcr:4)  (7846)
 2.0: (3) 7584 [E5S4][E2S5]
      (3) 7886  (7886)
 3.0: (3) 7897  (7897)
 4.0: (3) 7888  (7888)
 5.0: (3) 7894  (7894)
 6.0: (3) 7894  (7894)
 7.0: (3) 7887  (7887)
 8.0: (3) 7809  (weakgcr:7)  (7809)
 9.0: (3) 7874  (weakgcr:3)  (7874)
10.0: (3) 7888  (7888)
11.0: (3) 7896  (7896)
12.0: (3) 7884  (7884)
13.0: (3) 7895  (7895)
14.0: (3) 7890  (7890)
15.0: (3) 7887  (7887)
16.0: (3) 7896  (7896)
17.0: (3) 7890  (7890)
18.0: (2) 7022  (weakgcr:2)  (7022)
19.0: (2) 7015  (7015)
20.0: (2) 7011  (7011)
21.0: (2) 7015  (7015)
22.0: (2) 7013  (7013)
23.0: (2) 7015  (7015)
24.0: (2) 7014  (7014)
25.0: (1) 6642  (6642)
26.0: (1) 6647  (6647)
27.0: (1) 6646  (weakgcr:1)  (6646)
28.0: (1) 6642  (6642)
29.0: (1) 6651  (6651)
30.0: (1) 6643  (6643)
31.0: (0) 6305  (6305)
32.0: (0) 6307  (6307)
33.0: (0) 6271  (weakgcr:2)  (6271)
34.0: (0) 6307  (6307)
35.0: (0) 6316 [E9S0][E9S1][E9S2][E9S3][E9S4][E9S5][E9S6][E9S7][E9S8][E9S9][E9S10][E9S11][E9S12][E9S13][E9S14][E9S15][E9S16]
      (0) 6316 [E9S0][E9S1][E9S2][E9S3][E9S4][E9S5][E9S6][E9S7][E9S8][E9S9][E9S10][E9S11][E9S12][E9S13][E9S14][E9S15][E9S16][E9S0][E9S1][E9S2][E9S3][E9S4][E9S5][E9S6][E9S7][E9S8][E9S9][E9S10][E9S11][E9S12][E9S13][E9S14][E9S15][E9S16] (6316)
36.0: (1) 6781 [E2S0][E2S1][E2S2][E2S3][E2S4][E2S5][E2S6][E2S7][E2S8][E2S9][E2S10][E2S11][E2S12][E2S13][E2S14][E2S15][E2S16]
      (1) 6705 [E2S0][E2S1][E2S2][E2S3][E2S4][E2S5][E2S6][E2S7][E2S8][E2S9][E2S10][E2S11][E2S12][E2S13][E2S14][E2S15][E2S16] (weakgcr:5646) [E2S0][E2S1][E2S2][E2S3][E2S4][E2S5][E2S6][E2S7][E2S8][E2S9][E2S10][E2S11][E2S12][E2S13][E2S14][E2S15][E2S16] (6705)
37.0: (1 NOSYNC!) 0 [Unformatted Track]  (0)
38.0: (1 NOSYNC!) 0 [Unformatted Track]  (0)
39.0: (1 NOSYNC!) 0 [Unformatted Track]  (0)
40.0: (1 NOSYNC!) 0 [Unformatted Track]  (0)
41.0: (1 NOSYNC!) 0 [Unformatted Track]  (0)